Not searching for unused variables given on the command line.
[36m--[0m Build type not specified, using: Release
[36m--[0m The C compiler identification is GNU 9.4.0
[36m--[0m The CXX compiler identification is GNU 9.4.0
[36m--[0m Check for working C compiler: /usr/bin/cc
[36m--[0m Check for working C compiler: /usr/bin/cc -- works
[36m--[0m Detecting C compiler ABI info
[36m--[0m Detecting C compiler ABI info - done
[36m--[0m Detecting C compile features
[36m--[0m Detecting C compile features - done
[36m--[0m Check for working CXX compiler: /usr/bin/c++
[36m--[0m Check for working CXX compiler: /usr/bin/c++ -- works
[36m--[0m Detecting CXX compiler ABI info
[36m--[0m Detecting CXX compiler ABI info - done
[36m--[0m Detecting CXX compile features
[36m--[0m Detecting CXX compile features - done
[36m--[0m Found Eigen3: /usr/lib/cmake/eigen3/Eigen3Config.cmake (found version "3.3.7")
[36m--[0m Checking for module 'eigen3'
[36m--[0m   Found eigen3, version 3.3.7
[36m--[0m Found Eigen: /usr/include/eigen3 (Required is at least version "3.1")
[36m--[0m Eigen found (include: /usr/include/eigen3, version: 3.3.7)
[36m--[0m Found Boost: /usr/include (found suitable version "1.71.0", minimum required is "1.55.0") found components: system filesystem date_time iostreams regex
[36m--[0m looking for PCL_COMMON
[36m--[0m Found PCL_COMMON: /usr/lib/x86_64-linux-gnu/libpcl_common.so
[36m--[0m Found PCL: pcl_common;/usr/lib/x86_64-linux-gnu/libboost_system.so;/usr/lib/x86_64-linux-gnu/libboost_filesystem.so;/usr/lib/x86_64-linux-gnu/libboost_date_time.so;/usr/lib/x86_64-linux-gnu/libboost_iostreams.so;/usr/lib/x86_64-linux-gnu/libboost_regex.so
[36m--[0m Using CATKIN_DEVEL_PREFIX: /home/kevin/ece484_final_project/devel/.private/ouster_ros
[36m--[0m Using CMAKE_PREFIX_PATH: /home/kevin/ece484_final_project/devel;/opt/ros/noetic
[36m--[0m This workspace overlays: /home/kevin/ece484_final_project/devel;/opt/ros/noetic
[36m--[0m Found PythonInterp: /usr/bin/python3 (found suitable version "3.8.10", minimum required is "3")
[36m--[0m Using PYTHON_EXECUTABLE: /usr/bin/python3
[36m--[0m Using Debian Python package layout
[36m--[0m Found PY_em: /usr/lib/python3/dist-packages/em.py
[36m--[0m Using empy: /usr/lib/python3/dist-packages/em.py
[36m--[0m Using CATKIN_ENABLE_TESTING: ON
[36m--[0m Call enable_testing()
[36m--[0m Using CATKIN_TEST_RESULTS_DIR: /home/kevin/ece484_final_project/build/ouster_ros/test_results
[36m--[0m Found gtest sources under '/usr/src/googletest': gtests will be built
[36m--[0m Found gmock sources under '/usr/src/googletest': gmock will be built
[36m--[0m Found PythonInterp: /usr/bin/python3 (found version "3.8.10")
[36m--[0m Found Threads: TRUE
[36m--[0m Using Python nosetests: /usr/bin/nosetests3
[36m--[0m catkin 0.8.10
[36m--[0m BUILD_SHARED_LIBS is on
[36m--[0m Using these message generators: gencpp;geneus;genlisp;gennodejs;genpy
[36m--[0m Found CURL: /usr/include/x86_64-linux-gnu (found version "7.68.0")
[36m--[0m Found Boost: /usr/include (found version "1.71.0")
[36m--[0m ouster_ros: 1 messages, 3 services
[36m--[0m Found jsoncpp: /usr/lib/x86_64-linux-gnu/cmake/jsoncpp/jsoncppConfig.cmake
[31m[1mCMake Error[0m at /home/kevin/ece484_final_project/src/hardware_drivers/ouster-ros/ouster-sdk/ouster_client/CMakeLists.txt:5 (find_package):
  By not providing "Findspdlog.cmake" in CMAKE_MODULE_PATH this project has
  asked CMake to find a package configuration file provided by "spdlog", but
  CMake did not find one.

  Could not find a package configuration file provided by "spdlog" with any
  of the following names:

    spdlogConfig.cmake
    spdlog-config.cmake

  Add the installation prefix of "spdlog" to CMAKE_PREFIX_PATH or set
  "spdlog_DIR" to a directory containing one of the above files.  If "spdlog"
  provides a separate development package or SDK, be sure it has been
  installed.


[36m--[0m Configuring incomplete, errors occurred!
See also "/home/kevin/ece484_final_project/build/ouster_ros/CMakeFiles/CMakeOutput.log".
See also "/home/kevin/ece484_final_project/build/ouster_ros/CMakeFiles/CMakeError.log".
