Symlinking /home/kevin/ece484_final_project/devel/include/camera_control_msgs/GrabAndSaveImageGoal.h
Symlinking /home/kevin/ece484_final_project/devel/include/camera_control_msgs/GrabAndSaveImageActionGoal.h
Symlinking /home/kevin/ece484_final_project/devel/include/camera_control_msgs/GetCamPropertiesRequest.h
Symlinking /home/kevin/ece484_final_project/devel/include/camera_control_msgs/GrabHDRImageResult.h
Symlinking /home/kevin/ece484_final_project/devel/include/camera_control_msgs/GrabHDRImageActionFeedback.h
Symlinking /home/kevin/ece484_final_project/devel/include/camera_control_msgs/SetBinning.h
Symlinking /home/kevin/ece484_final_project/devel/include/camera_control_msgs/GrabImagesResult.h
Symlinking /home/kevin/ece484_final_project/devel/include/camera_control_msgs/SetROIRequest.h
Symlinking /home/kevin/ece484_final_project/devel/include/camera_control_msgs/SetBrightness.h
Symlinking /home/kevin/ece484_final_project/devel/include/camera_control_msgs/GrabImagesActionGoal.h
Symlinking /home/kevin/ece484_final_project/devel/include/camera_control_msgs/GrabImagesFeedback.h
Symlinking /home/kevin/ece484_final_project/devel/include/camera_control_msgs/GrabHDRImageActionResult.h
Symlinking /home/kevin/ece484_final_project/devel/include/camera_control_msgs/GrabAndSaveImageFeedback.h
Symlinking /home/kevin/ece484_final_project/devel/include/camera_control_msgs/SetGainResponse.h
Symlinking /home/kevin/ece484_final_project/devel/include/camera_control_msgs/SetROI.h
Symlinking /home/kevin/ece484_final_project/devel/include/camera_control_msgs/SetExposureRequest.h
Symlinking /home/kevin/ece484_final_project/devel/include/camera_control_msgs/SetBool.h
Symlinking /home/kevin/ece484_final_project/devel/include/camera_control_msgs/GrabImagesGoal.h
Symlinking /home/kevin/ece484_final_project/devel/include/camera_control_msgs/GrabHDRImageFeedback.h
Symlinking /home/kevin/ece484_final_project/devel/include/camera_control_msgs/SetSleepingResponse.h
Symlinking /home/kevin/ece484_final_project/devel/include/camera_control_msgs/GrabAndSaveImageResult.h
Symlinking /home/kevin/ece484_final_project/devel/include/camera_control_msgs/GrabImagesActionFeedback.h
Symlinking /home/kevin/ece484_final_project/devel/include/camera_control_msgs/SetExposure.h
Symlinking /home/kevin/ece484_final_project/devel/include/camera_control_msgs/GrabHDRImageActionGoal.h
Symlinking /home/kevin/ece484_final_project/devel/include/camera_control_msgs/SetBoolRequest.h
Symlinking /home/kevin/ece484_final_project/devel/include/camera_control_msgs/SetBinningResponse.h
Symlinking /home/kevin/ece484_final_project/devel/include/camera_control_msgs/GrabImagesActionResult.h
Symlinking /home/kevin/ece484_final_project/devel/include/camera_control_msgs/GrabAndSaveImageActionFeedback.h
Symlinking /home/kevin/ece484_final_project/devel/include/camera_control_msgs/SetGamma.h
Symlinking /home/kevin/ece484_final_project/devel/include/camera_control_msgs/GetCamProperties.h
Symlinking /home/kevin/ece484_final_project/devel/include/camera_control_msgs/GrabAndSaveImageActionResult.h
Symlinking /home/kevin/ece484_final_project/devel/include/camera_control_msgs/SetSleepingRequest.h
Symlinking /home/kevin/ece484_final_project/devel/include/camera_control_msgs/SetBoolResponse.h
Symlinking /home/kevin/ece484_final_project/devel/include/camera_control_msgs/GrabHDRImageGoal.h
Symlinking /home/kevin/ece484_final_project/devel/include/camera_control_msgs/GetCamPropertiesResponse.h
Symlinking /home/kevin/ece484_final_project/devel/include/camera_control_msgs/SetGain.h
Symlinking /home/kevin/ece484_final_project/devel/include/camera_control_msgs/GrabAndSaveImageAction.h
Symlinking /home/kevin/ece484_final_project/devel/include/camera_control_msgs/SetROIResponse.h
Symlinking /home/kevin/ece484_final_project/devel/include/camera_control_msgs/SetGammaRequest.h
Symlinking /home/kevin/ece484_final_project/devel/include/camera_control_msgs/SetBinningRequest.h
Symlinking /home/kevin/ece484_final_project/devel/include/camera_control_msgs/GrabHDRImageAction.h
Symlinking /home/kevin/ece484_final_project/devel/include/camera_control_msgs/SetGainRequest.h
Symlinking /home/kevin/ece484_final_project/devel/include/camera_control_msgs/SetGammaResponse.h
Symlinking /home/kevin/ece484_final_project/devel/include/camera_control_msgs/SetExposureResponse.h
Symlinking /home/kevin/ece484_final_project/devel/include/camera_control_msgs/SetBrightnessResponse.h
Symlinking /home/kevin/ece484_final_project/devel/include/camera_control_msgs/GrabImagesAction.h
Symlinking /home/kevin/ece484_final_project/devel/include/camera_control_msgs/SetBrightnessRequest.h
Symlinking /home/kevin/ece484_final_project/devel/include/camera_control_msgs/SetSleeping.h
Symlinking /home/kevin/ece484_final_project/devel/share/common-lisp/ros/camera_control_msgs/msg/GrabImagesActionGoal.lisp
Symlinking /home/kevin/ece484_final_project/devel/share/common-lisp/ros/camera_control_msgs/msg/_package_GrabHDRImageActionResult.lisp
Symlinking /home/kevin/ece484_final_project/devel/share/common-lisp/ros/camera_control_msgs/msg/GrabHDRImageFeedback.lisp
Symlinking /home/kevin/ece484_final_project/devel/share/common-lisp/ros/camera_control_msgs/msg/_package_GrabImagesResult.lisp
Symlinking /home/kevin/ece484_final_project/devel/share/common-lisp/ros/camera_control_msgs/msg/GrabHDRImageActionFeedback.lisp
Symlinking /home/kevin/ece484_final_project/devel/share/common-lisp/ros/camera_control_msgs/msg/GrabImagesAction.lisp
Symlinking /home/kevin/ece484_final_project/devel/share/common-lisp/ros/camera_control_msgs/msg/_package_GrabAndSaveImageActionResult.lisp
Symlinking /home/kevin/ece484_final_project/devel/share/common-lisp/ros/camera_control_msgs/msg/GrabImagesActionFeedback.lisp
Symlinking /home/kevin/ece484_final_project/devel/share/common-lisp/ros/camera_control_msgs/msg/GrabAndSaveImageActionFeedback.lisp
Symlinking /home/kevin/ece484_final_project/devel/share/common-lisp/ros/camera_control_msgs/msg/_package_GrabAndSaveImageActionGoal.lisp
Symlinking /home/kevin/ece484_final_project/devel/share/common-lisp/ros/camera_control_msgs/msg/_package_GrabAndSaveImageAction.lisp
Symlinking /home/kevin/ece484_final_project/devel/share/common-lisp/ros/camera_control_msgs/msg/GrabAndSaveImageFeedback.lisp
Symlinking /home/kevin/ece484_final_project/devel/share/common-lisp/ros/camera_control_msgs/msg/_package.lisp
Symlinking /home/kevin/ece484_final_project/devel/share/common-lisp/ros/camera_control_msgs/msg/GrabImagesFeedback.lisp
Symlinking /home/kevin/ece484_final_project/devel/share/common-lisp/ros/camera_control_msgs/msg/_package_GrabHDRImageActionFeedback.lisp
Symlinking /home/kevin/ece484_final_project/devel/share/common-lisp/ros/camera_control_msgs/msg/GrabHDRImageActionGoal.lisp
Symlinking /home/kevin/ece484_final_project/devel/share/common-lisp/ros/camera_control_msgs/msg/GrabAndSaveImageResult.lisp
Symlinking /home/kevin/ece484_final_project/devel/share/common-lisp/ros/camera_control_msgs/msg/GrabHDRImageActionResult.lisp
Symlinking /home/kevin/ece484_final_project/devel/share/common-lisp/ros/camera_control_msgs/msg/GrabAndSaveImageActionResult.lisp
Symlinking /home/kevin/ece484_final_project/devel/share/common-lisp/ros/camera_control_msgs/msg/GrabHDRImageResult.lisp
Symlinking /home/kevin/ece484_final_project/devel/share/common-lisp/ros/camera_control_msgs/msg/_package_GrabImagesGoal.lisp
Symlinking /home/kevin/ece484_final_project/devel/share/common-lisp/ros/camera_control_msgs/msg/GrabHDRImageAction.lisp
Symlinking /home/kevin/ece484_final_project/devel/share/common-lisp/ros/camera_control_msgs/msg/_package_GrabHDRImageActionGoal.lisp
Symlinking /home/kevin/ece484_final_project/devel/share/common-lisp/ros/camera_control_msgs/msg/GrabImagesActionResult.lisp
Symlinking /home/kevin/ece484_final_project/devel/share/common-lisp/ros/camera_control_msgs/msg/_package_GrabImagesAction.lisp
Symlinking /home/kevin/ece484_final_project/devel/share/common-lisp/ros/camera_control_msgs/msg/camera_control_msgs-msg.asd
Symlinking /home/kevin/ece484_final_project/devel/share/common-lisp/ros/camera_control_msgs/msg/_package_GrabAndSaveImageResult.lisp
Symlinking /home/kevin/ece484_final_project/devel/share/common-lisp/ros/camera_control_msgs/msg/_package_GrabImagesActionGoal.lisp
Symlinking /home/kevin/ece484_final_project/devel/share/common-lisp/ros/camera_control_msgs/msg/_package_GrabAndSaveImageActionFeedback.lisp
Symlinking /home/kevin/ece484_final_project/devel/share/common-lisp/ros/camera_control_msgs/msg/_package_GrabImagesFeedback.lisp
Symlinking /home/kevin/ece484_final_project/devel/share/common-lisp/ros/camera_control_msgs/msg/GrabHDRImageGoal.lisp
Symlinking /home/kevin/ece484_final_project/devel/share/common-lisp/ros/camera_control_msgs/msg/GrabImagesResult.lisp
Symlinking /home/kevin/ece484_final_project/devel/share/common-lisp/ros/camera_control_msgs/msg/_package_GrabHDRImageAction.lisp
Symlinking /home/kevin/ece484_final_project/devel/share/common-lisp/ros/camera_control_msgs/msg/GrabAndSaveImageAction.lisp
Symlinking /home/kevin/ece484_final_project/devel/share/common-lisp/ros/camera_control_msgs/msg/_package_GrabAndSaveImageGoal.lisp
Symlinking /home/kevin/ece484_final_project/devel/share/common-lisp/ros/camera_control_msgs/msg/GrabImagesGoal.lisp
Symlinking /home/kevin/ece484_final_project/devel/share/common-lisp/ros/camera_control_msgs/msg/_package_GrabHDRImageFeedback.lisp
Symlinking /home/kevin/ece484_final_project/devel/share/common-lisp/ros/camera_control_msgs/msg/_package_GrabImagesActionResult.lisp
Symlinking /home/kevin/ece484_final_project/devel/share/common-lisp/ros/camera_control_msgs/msg/_package_GrabHDRImageResult.lisp
Symlinking /home/kevin/ece484_final_project/devel/share/common-lisp/ros/camera_control_msgs/msg/_package_GrabAndSaveImageFeedback.lisp
Symlinking /home/kevin/ece484_final_project/devel/share/common-lisp/ros/camera_control_msgs/msg/_package_GrabHDRImageGoal.lisp
Symlinking /home/kevin/ece484_final_project/devel/share/common-lisp/ros/camera_control_msgs/msg/GrabAndSaveImageGoal.lisp
Symlinking /home/kevin/ece484_final_project/devel/share/common-lisp/ros/camera_control_msgs/msg/_package_GrabImagesActionFeedback.lisp
Symlinking /home/kevin/ece484_final_project/devel/share/common-lisp/ros/camera_control_msgs/msg/GrabAndSaveImageActionGoal.lisp
Symlinking /home/kevin/ece484_final_project/devel/share/common-lisp/ros/camera_control_msgs/srv/SetBrightness.lisp
Symlinking /home/kevin/ece484_final_project/devel/share/common-lisp/ros/camera_control_msgs/srv/_package_SetBrightness.lisp
Symlinking /home/kevin/ece484_final_project/devel/share/common-lisp/ros/camera_control_msgs/srv/_package_SetGamma.lisp
Symlinking /home/kevin/ece484_final_project/devel/share/common-lisp/ros/camera_control_msgs/srv/_package.lisp
Symlinking /home/kevin/ece484_final_project/devel/share/common-lisp/ros/camera_control_msgs/srv/SetGain.lisp
Symlinking /home/kevin/ece484_final_project/devel/share/common-lisp/ros/camera_control_msgs/srv/SetExposure.lisp
Symlinking /home/kevin/ece484_final_project/devel/share/common-lisp/ros/camera_control_msgs/srv/_package_SetExposure.lisp
Symlinking /home/kevin/ece484_final_project/devel/share/common-lisp/ros/camera_control_msgs/srv/SetROI.lisp
Symlinking /home/kevin/ece484_final_project/devel/share/common-lisp/ros/camera_control_msgs/srv/SetGamma.lisp
Symlinking /home/kevin/ece484_final_project/devel/share/common-lisp/ros/camera_control_msgs/srv/_package_SetGain.lisp
Symlinking /home/kevin/ece484_final_project/devel/share/common-lisp/ros/camera_control_msgs/srv/SetBool.lisp
Symlinking /home/kevin/ece484_final_project/devel/share/common-lisp/ros/camera_control_msgs/srv/_package_SetBinning.lisp
Symlinking /home/kevin/ece484_final_project/devel/share/common-lisp/ros/camera_control_msgs/srv/SetBinning.lisp
Symlinking /home/kevin/ece484_final_project/devel/share/common-lisp/ros/camera_control_msgs/srv/SetSleeping.lisp
Symlinking /home/kevin/ece484_final_project/devel/share/common-lisp/ros/camera_control_msgs/srv/_package_GetCamProperties.lisp
Symlinking /home/kevin/ece484_final_project/devel/share/common-lisp/ros/camera_control_msgs/srv/_package_SetROI.lisp
Symlinking /home/kevin/ece484_final_project/devel/share/common-lisp/ros/camera_control_msgs/srv/GetCamProperties.lisp
Symlinking /home/kevin/ece484_final_project/devel/share/common-lisp/ros/camera_control_msgs/srv/_package_SetSleeping.lisp
Symlinking /home/kevin/ece484_final_project/devel/share/common-lisp/ros/camera_control_msgs/srv/camera_control_msgs-srv.asd
Symlinking /home/kevin/ece484_final_project/devel/share/common-lisp/ros/camera_control_msgs/srv/_package_SetBool.lisp
Symlinking /home/kevin/ece484_final_project/devel/share/gennodejs/ros/camera_control_msgs/_index.js
Symlinking /home/kevin/ece484_final_project/devel/share/gennodejs/ros/camera_control_msgs/msg/GrabImagesActionFeedback.js
Symlinking /home/kevin/ece484_final_project/devel/share/gennodejs/ros/camera_control_msgs/msg/GrabAndSaveImageAction.js
Symlinking /home/kevin/ece484_final_project/devel/share/gennodejs/ros/camera_control_msgs/msg/GrabHDRImageFeedback.js
Symlinking /home/kevin/ece484_final_project/devel/share/gennodejs/ros/camera_control_msgs/msg/GrabHDRImageGoal.js
Symlinking /home/kevin/ece484_final_project/devel/share/gennodejs/ros/camera_control_msgs/msg/GrabAndSaveImageActionGoal.js
Symlinking /home/kevin/ece484_final_project/devel/share/gennodejs/ros/camera_control_msgs/msg/GrabImagesResult.js
Symlinking /home/kevin/ece484_final_project/devel/share/gennodejs/ros/camera_control_msgs/msg/GrabHDRImageResult.js
Symlinking /home/kevin/ece484_final_project/devel/share/gennodejs/ros/camera_control_msgs/msg/GrabAndSaveImageActionFeedback.js
Symlinking /home/kevin/ece484_final_project/devel/share/gennodejs/ros/camera_control_msgs/msg/GrabImagesActionResult.js
Symlinking /home/kevin/ece484_final_project/devel/share/gennodejs/ros/camera_control_msgs/msg/GrabHDRImageActionResult.js
Symlinking /home/kevin/ece484_final_project/devel/share/gennodejs/ros/camera_control_msgs/msg/GrabImagesFeedback.js
Symlinking /home/kevin/ece484_final_project/devel/share/gennodejs/ros/camera_control_msgs/msg/GrabImagesActionGoal.js
Symlinking /home/kevin/ece484_final_project/devel/share/gennodejs/ros/camera_control_msgs/msg/GrabAndSaveImageFeedback.js
Symlinking /home/kevin/ece484_final_project/devel/share/gennodejs/ros/camera_control_msgs/msg/GrabHDRImageActionFeedback.js
Symlinking /home/kevin/ece484_final_project/devel/share/gennodejs/ros/camera_control_msgs/msg/GrabAndSaveImageResult.js
Symlinking /home/kevin/ece484_final_project/devel/share/gennodejs/ros/camera_control_msgs/msg/GrabAndSaveImageGoal.js
Symlinking /home/kevin/ece484_final_project/devel/share/gennodejs/ros/camera_control_msgs/msg/GrabImagesGoal.js
Symlinking /home/kevin/ece484_final_project/devel/share/gennodejs/ros/camera_control_msgs/msg/GrabHDRImageAction.js
Symlinking /home/kevin/ece484_final_project/devel/share/gennodejs/ros/camera_control_msgs/msg/GrabImagesAction.js
Symlinking /home/kevin/ece484_final_project/devel/share/gennodejs/ros/camera_control_msgs/msg/GrabHDRImageActionGoal.js
Symlinking /home/kevin/ece484_final_project/devel/share/gennodejs/ros/camera_control_msgs/msg/_index.js
Symlinking /home/kevin/ece484_final_project/devel/share/gennodejs/ros/camera_control_msgs/msg/GrabAndSaveImageActionResult.js
Symlinking /home/kevin/ece484_final_project/devel/share/gennodejs/ros/camera_control_msgs/srv/SetSleeping.js
Symlinking /home/kevin/ece484_final_project/devel/share/gennodejs/ros/camera_control_msgs/srv/SetBrightness.js
Symlinking /home/kevin/ece484_final_project/devel/share/gennodejs/ros/camera_control_msgs/srv/GetCamProperties.js
Symlinking /home/kevin/ece484_final_project/devel/share/gennodejs/ros/camera_control_msgs/srv/SetGamma.js
Symlinking /home/kevin/ece484_final_project/devel/share/gennodejs/ros/camera_control_msgs/srv/SetROI.js
Symlinking /home/kevin/ece484_final_project/devel/share/gennodejs/ros/camera_control_msgs/srv/SetBool.js
Symlinking /home/kevin/ece484_final_project/devel/share/gennodejs/ros/camera_control_msgs/srv/SetBinning.js
Symlinking /home/kevin/ece484_final_project/devel/share/gennodejs/ros/camera_control_msgs/srv/SetExposure.js
Symlinking /home/kevin/ece484_final_project/devel/share/gennodejs/ros/camera_control_msgs/srv/_index.js
Symlinking /home/kevin/ece484_final_project/devel/share/gennodejs/ros/camera_control_msgs/srv/SetGain.js
Symlinking /home/kevin/ece484_final_project/devel/share/camera_control_msgs/msg/GrabAndSaveImageAction.msg
Symlinking /home/kevin/ece484_final_project/devel/share/camera_control_msgs/msg/GrabImagesActionFeedback.msg
Symlinking /home/kevin/ece484_final_project/devel/share/camera_control_msgs/msg/GrabHDRImageActionResult.msg
Symlinking /home/kevin/ece484_final_project/devel/share/camera_control_msgs/msg/GrabHDRImageActionFeedback.msg
Symlinking /home/kevin/ece484_final_project/devel/share/camera_control_msgs/msg/GrabImagesActionResult.msg
Symlinking /home/kevin/ece484_final_project/devel/share/camera_control_msgs/msg/GrabImagesActionGoal.msg
Symlinking /home/kevin/ece484_final_project/devel/share/camera_control_msgs/msg/GrabAndSaveImageActionFeedback.msg
Symlinking /home/kevin/ece484_final_project/devel/share/camera_control_msgs/msg/GrabAndSaveImageFeedback.msg
Symlinking /home/kevin/ece484_final_project/devel/share/camera_control_msgs/msg/GrabImagesGoal.msg
Symlinking /home/kevin/ece484_final_project/devel/share/camera_control_msgs/msg/GrabHDRImageFeedback.msg
Symlinking /home/kevin/ece484_final_project/devel/share/camera_control_msgs/msg/GrabImagesResult.msg
Symlinking /home/kevin/ece484_final_project/devel/share/camera_control_msgs/msg/GrabHDRImageAction.msg
Symlinking /home/kevin/ece484_final_project/devel/share/camera_control_msgs/msg/GrabImagesAction.msg
Symlinking /home/kevin/ece484_final_project/devel/share/camera_control_msgs/msg/GrabAndSaveImageActionResult.msg
Symlinking /home/kevin/ece484_final_project/devel/share/camera_control_msgs/msg/GrabHDRImageGoal.msg
Symlinking /home/kevin/ece484_final_project/devel/share/camera_control_msgs/msg/GrabAndSaveImageGoal.msg
Symlinking /home/kevin/ece484_final_project/devel/share/camera_control_msgs/msg/GrabHDRImageActionGoal.msg
Symlinking /home/kevin/ece484_final_project/devel/share/camera_control_msgs/msg/GrabImagesFeedback.msg
Symlinking /home/kevin/ece484_final_project/devel/share/camera_control_msgs/msg/GrabAndSaveImageResult.msg
Symlinking /home/kevin/ece484_final_project/devel/share/camera_control_msgs/msg/GrabAndSaveImageActionGoal.msg
Symlinking /home/kevin/ece484_final_project/devel/share/camera_control_msgs/msg/GrabHDRImageResult.msg
Symlinking /home/kevin/ece484_final_project/devel/share/camera_control_msgs/cmake/camera_control_msgsConfig.cmake
Symlinking /home/kevin/ece484_final_project/devel/share/camera_control_msgs/cmake/camera_control_msgsConfig-version.cmake
Symlinking /home/kevin/ece484_final_project/devel/share/camera_control_msgs/cmake/camera_control_msgs-msg-paths.cmake
Symlinking /home/kevin/ece484_final_project/devel/share/camera_control_msgs/cmake/camera_control_msgs-msg-extras.cmake
Symlinking /home/kevin/ece484_final_project/devel/share/roseus/ros/camera_control_msgs/manifest.l
Symlinking /home/kevin/ece484_final_project/devel/share/roseus/ros/camera_control_msgs/msg/GrabAndSaveImageGoal.l
Symlinking /home/kevin/ece484_final_project/devel/share/roseus/ros/camera_control_msgs/msg/GrabAndSaveImageActionFeedback.l
Symlinking /home/kevin/ece484_final_project/devel/share/roseus/ros/camera_control_msgs/msg/GrabImagesFeedback.l
Symlinking /home/kevin/ece484_final_project/devel/share/roseus/ros/camera_control_msgs/msg/GrabAndSaveImageFeedback.l
Symlinking /home/kevin/ece484_final_project/devel/share/roseus/ros/camera_control_msgs/msg/GrabAndSaveImageAction.l
Symlinking /home/kevin/ece484_final_project/devel/share/roseus/ros/camera_control_msgs/msg/GrabImagesActionFeedback.l
Symlinking /home/kevin/ece484_final_project/devel/share/roseus/ros/camera_control_msgs/msg/GrabHDRImageActionFeedback.l
Symlinking /home/kevin/ece484_final_project/devel/share/roseus/ros/camera_control_msgs/msg/GrabAndSaveImageResult.l
Symlinking /home/kevin/ece484_final_project/devel/share/roseus/ros/camera_control_msgs/msg/GrabHDRImageActionResult.l
Symlinking /home/kevin/ece484_final_project/devel/share/roseus/ros/camera_control_msgs/msg/GrabHDRImageResult.l
Symlinking /home/kevin/ece484_final_project/devel/share/roseus/ros/camera_control_msgs/msg/GrabImagesActionGoal.l
Symlinking /home/kevin/ece484_final_project/devel/share/roseus/ros/camera_control_msgs/msg/GrabImagesActionResult.l
Symlinking /home/kevin/ece484_final_project/devel/share/roseus/ros/camera_control_msgs/msg/GrabImagesResult.l
Symlinking /home/kevin/ece484_final_project/devel/share/roseus/ros/camera_control_msgs/msg/GrabAndSaveImageActionGoal.l
Symlinking /home/kevin/ece484_final_project/devel/share/roseus/ros/camera_control_msgs/msg/GrabImagesAction.l
Symlinking /home/kevin/ece484_final_project/devel/share/roseus/ros/camera_control_msgs/msg/GrabHDRImageGoal.l
Symlinking /home/kevin/ece484_final_project/devel/share/roseus/ros/camera_control_msgs/msg/GrabHDRImageActionGoal.l
Symlinking /home/kevin/ece484_final_project/devel/share/roseus/ros/camera_control_msgs/msg/GrabHDRImageAction.l
Symlinking /home/kevin/ece484_final_project/devel/share/roseus/ros/camera_control_msgs/msg/GrabHDRImageFeedback.l
Symlinking /home/kevin/ece484_final_project/devel/share/roseus/ros/camera_control_msgs/msg/GrabAndSaveImageActionResult.l
Symlinking /home/kevin/ece484_final_project/devel/share/roseus/ros/camera_control_msgs/msg/GrabImagesGoal.l
Symlinking /home/kevin/ece484_final_project/devel/share/roseus/ros/camera_control_msgs/srv/SetROI.l
Symlinking /home/kevin/ece484_final_project/devel/share/roseus/ros/camera_control_msgs/srv/SetBool.l
Symlinking /home/kevin/ece484_final_project/devel/share/roseus/ros/camera_control_msgs/srv/SetBrightness.l
Symlinking /home/kevin/ece484_final_project/devel/share/roseus/ros/camera_control_msgs/srv/SetSleeping.l
Symlinking /home/kevin/ece484_final_project/devel/share/roseus/ros/camera_control_msgs/srv/SetGain.l
Symlinking /home/kevin/ece484_final_project/devel/share/roseus/ros/camera_control_msgs/srv/SetGamma.l
Symlinking /home/kevin/ece484_final_project/devel/share/roseus/ros/camera_control_msgs/srv/GetCamProperties.l
Symlinking /home/kevin/ece484_final_project/devel/share/roseus/ros/camera_control_msgs/srv/SetExposure.l
Symlinking /home/kevin/ece484_final_project/devel/share/roseus/ros/camera_control_msgs/srv/SetBinning.l
Symlinking /home/kevin/ece484_final_project/devel/lib/pkgconfig/camera_control_msgs.pc
Symlinking /home/kevin/ece484_final_project/devel/lib/python3/dist-packages/camera_control_msgs/__init__.py
Symlinking /home/kevin/ece484_final_project/devel/lib/python3/dist-packages/camera_control_msgs/msg/_GrabAndSaveImageActionGoal.py
Symlinking /home/kevin/ece484_final_project/devel/lib/python3/dist-packages/camera_control_msgs/msg/_GrabAndSaveImageAction.py
Symlinking /home/kevin/ece484_final_project/devel/lib/python3/dist-packages/camera_control_msgs/msg/_GrabHDRImageResult.py
Symlinking /home/kevin/ece484_final_project/devel/lib/python3/dist-packages/camera_control_msgs/msg/_GrabImagesGoal.py
Symlinking /home/kevin/ece484_final_project/devel/lib/python3/dist-packages/camera_control_msgs/msg/_GrabImagesFeedback.py
Symlinking /home/kevin/ece484_final_project/devel/lib/python3/dist-packages/camera_control_msgs/msg/_GrabAndSaveImageFeedback.py
Symlinking /home/kevin/ece484_final_project/devel/lib/python3/dist-packages/camera_control_msgs/msg/_GrabHDRImageActionGoal.py
Symlinking /home/kevin/ece484_final_project/devel/lib/python3/dist-packages/camera_control_msgs/msg/_GrabHDRImageActionFeedback.py
Symlinking /home/kevin/ece484_final_project/devel/lib/python3/dist-packages/camera_control_msgs/msg/_GrabHDRImageActionResult.py
Symlinking /home/kevin/ece484_final_project/devel/lib/python3/dist-packages/camera_control_msgs/msg/_GrabImagesAction.py
Symlinking /home/kevin/ece484_final_project/devel/lib/python3/dist-packages/camera_control_msgs/msg/_GrabImagesResult.py
Symlinking /home/kevin/ece484_final_project/devel/lib/python3/dist-packages/camera_control_msgs/msg/_GrabAndSaveImageGoal.py
Symlinking /home/kevin/ece484_final_project/devel/lib/python3/dist-packages/camera_control_msgs/msg/_GrabAndSaveImageActionResult.py
Symlinking /home/kevin/ece484_final_project/devel/lib/python3/dist-packages/camera_control_msgs/msg/__init__.py
Symlinking /home/kevin/ece484_final_project/devel/lib/python3/dist-packages/camera_control_msgs/msg/_GrabAndSaveImageResult.py
Symlinking /home/kevin/ece484_final_project/devel/lib/python3/dist-packages/camera_control_msgs/msg/_GrabAndSaveImageActionFeedback.py
Symlinking /home/kevin/ece484_final_project/devel/lib/python3/dist-packages/camera_control_msgs/msg/_GrabHDRImageAction.py
Symlinking /home/kevin/ece484_final_project/devel/lib/python3/dist-packages/camera_control_msgs/msg/_GrabImagesActionFeedback.py
Symlinking /home/kevin/ece484_final_project/devel/lib/python3/dist-packages/camera_control_msgs/msg/_GrabImagesActionGoal.py
Symlinking /home/kevin/ece484_final_project/devel/lib/python3/dist-packages/camera_control_msgs/msg/_GrabHDRImageFeedback.py
Symlinking /home/kevin/ece484_final_project/devel/lib/python3/dist-packages/camera_control_msgs/msg/_GrabImagesActionResult.py
Symlinking /home/kevin/ece484_final_project/devel/lib/python3/dist-packages/camera_control_msgs/msg/_GrabHDRImageGoal.py
Symlinking /home/kevin/ece484_final_project/devel/lib/python3/dist-packages/camera_control_msgs/srv/_SetROI.py
Symlinking /home/kevin/ece484_final_project/devel/lib/python3/dist-packages/camera_control_msgs/srv/_SetBinning.py
Symlinking /home/kevin/ece484_final_project/devel/lib/python3/dist-packages/camera_control_msgs/srv/_SetExposure.py
Symlinking /home/kevin/ece484_final_project/devel/lib/python3/dist-packages/camera_control_msgs/srv/_SetSleeping.py
Symlinking /home/kevin/ece484_final_project/devel/lib/python3/dist-packages/camera_control_msgs/srv/_SetBool.py
Symlinking /home/kevin/ece484_final_project/devel/lib/python3/dist-packages/camera_control_msgs/srv/__init__.py
Symlinking /home/kevin/ece484_final_project/devel/lib/python3/dist-packages/camera_control_msgs/srv/_SetBrightness.py
Symlinking /home/kevin/ece484_final_project/devel/lib/python3/dist-packages/camera_control_msgs/srv/_SetGamma.py
Symlinking /home/kevin/ece484_final_project/devel/lib/python3/dist-packages/camera_control_msgs/srv/_SetGain.py
Symlinking /home/kevin/ece484_final_project/devel/lib/python3/dist-packages/camera_control_msgs/srv/_GetCamProperties.py
